[INFO] Scanning for projects...
[INFO] 
[INFO] -------------------------< com.foodya:backend >-------------------------
[INFO] Building foodya-backend 0.0.1-SNAPSHOT
[INFO]   from pom.xml
[INFO] --------------------------------[ jar ]---------------------------------
[INFO] 
[INFO] --- clean:3.4.1:clean (default-clean) @ backend ---
[INFO] Deleting /home/xuanhien/Documents/repo/foodya/backend/target
[INFO] 
[INFO] >>> spring-boot:3.5.13:run (default-cli) > test-compile @ backend >>>
[INFO] 
[INFO] --- resources:3.3.1:resources (default-resources) @ backend ---
[INFO] Copying 1 resource from src/main/resources to target/classes
[INFO] Copying 11 resources from src/main/resources to target/classes
[INFO] 
[INFO] --- compiler:3.14.1:compile (default-compile) @ backend ---
[INFO] Recompiling the module because of changed source code.
[INFO] Compiling 297 source files with javac [debug parameters release 21] to target/classes
[INFO] Annotation processing is enabled because one or more processors were found
  on the class path. A future release of javac may disable annotation processing
  unless at least one processor is specified by name (-processor), or a search
  path is specified (--processor-path, --processor-module-path), or annotation
  processing is enabled explicitly (-proc:only, -proc:full).
  Use -Xlint:-options to suppress this message.
  Use -proc:none to disable annotation processing.
[INFO] 
[INFO] --- resources:3.3.1:testResources (default-testResources) @ backend ---
[INFO] Copying 1 resource from src/test/resources to target/test-classes
[INFO] 
[INFO] --- compiler:3.14.1:testCompile (default-testCompile) @ backend ---
[INFO] Recompiling the module because of changed dependency.
[INFO] Compiling 18 source files with javac [debug parameters release 21] to target/test-classes
[INFO] Annotation processing is enabled because one or more processors were found
  on the class path. A future release of javac may disable annotation processing
  unless at least one processor is specified by name (-processor), or a search
  path is specified (--processor-path, --processor-module-path), or annotation
  processing is enabled explicitly (-proc:only, -proc:full).
  Use -Xlint:-options to suppress this message.
  Use -proc:none to disable annotation processing.
[INFO] Some messages have been simplified; recompile with -Xdiags:verbose to get full output
[INFO] -------------------------------------------------------------
[WARNING] COMPILATION WARNING : 
[INFO] -------------------------------------------------------------
[WARNING] /home/xuanhien/Documents/repo/foodya/backend/src/test/java/com/foodya/backend/interfaces/rest/CustomerOrderCheckoutIntegrationTests.java:[74,6] org.springframework.boot.test.mock.mockito.MockBean in org.springframework.boot.test.mock.mockito has been deprecated and marked for removal
[WARNING] /home/xuanhien/Documents/repo/foodya/backend/src/test/java/com/foodya/backend/interfaces/rest/CustomerOrderCheckoutIntegrationTests.java:[74,6] org.springframework.boot.test.mock.mockito.MockBean in org.springframework.boot.test.mock.mockito has been deprecated and marked for removal
[WARNING] /home/xuanhien/Documents/repo/foodya/backend/src/test/java/com/foodya/backend/interfaces/rest/CustomerOrderCheckoutIntegrationTests.java:[74,6] org.springframework.boot.test.mock.mockito.MockBean in org.springframework.boot.test.mock.mockito has been deprecated and marked for removal
[INFO] 3 warnings 
[INFO] -------------------------------------------------------------
[INFO] -------------------------------------------------------------
[ERROR] COMPILATION ERROR : 
[INFO] -------------------------------------------------------------
[ERROR] /home/xuanhien/Documents/repo/foodya/backend/src/test/java/com/foodya/backend/interfaces/rest/AdminNotificationIntegrationTests.java:[77,62] incompatible types: com.foodya.backend.infrastructure.persistence.entities.UserAccount cannot be converted to com.foodya.backend.application.model.UserAccountModel
[ERROR] /home/xuanhien/Documents/repo/foodya/backend/src/test/java/com/foodya/backend/interfaces/rest/AdminNotificationIntegrationTests.java:[78,59] incompatible types: com.foodya.backend.infrastructure.persistence.entities.UserAccount cannot be converted to com.foodya.backend.application.model.UserAccountModel
[ERROR] /home/xuanhien/Documents/repo/foodya/backend/src/test/java/com/foodya/backend/interfaces/rest/CustomerAiChatIntegrationTests.java:[102,54] incompatible types: com.foodya.backend.infrastructure.persistence.entities.UserAccount cannot be converted to com.foodya.backend.application.model.UserAccountModel
[ERROR] /home/xuanhien/Documents/repo/foodya/backend/src/test/java/com/foodya/backend/interfaces/rest/CustomerAiChatIntegrationTests.java:[128,54] incompatible types: com.foodya.backend.infrastructure.persistence.entities.UserAccount cannot be converted to com.foodya.backend.application.model.UserAccountModel
[ERROR] /home/xuanhien/Documents/repo/foodya/backend/src/test/java/com/foodya/backend/interfaces/rest/CustomerCartIntegrationTests.java:[164,46] incompatible types: com.foodya.backend.infrastructure.persistence.entities.UserAccount cannot be converted to com.foodya.backend.application.model.UserAccountModel
[ERROR] /home/xuanhien/Documents/repo/foodya/backend/src/test/java/com/foodya/backend/interfaces/rest/CustomerOrderCheckoutIntegrationTests.java:[158,46] incompatible types: com.foodya.backend.infrastructure.persistence.entities.UserAccount cannot be converted to com.foodya.backend.application.model.UserAccountModel
[ERROR] /home/xuanhien/Documents/repo/foodya/backend/src/test/java/com/foodya/backend/interfaces/rest/MerchantCatalogIntegrationTests.java:[199,46] incompatible types: com.foodya.backend.infrastructure.persistence.entities.UserAccount cannot be converted to com.foodya.backend.application.model.UserAccountModel
[ERROR] /home/xuanhien/Documents/repo/foodya/backend/src/test/java/com/foodya/backend/interfaces/rest/OrderLifecycleIntegrationTests.java:[101,62] incompatible types: com.foodya.backend.infrastructure.persistence.entities.UserAccount cannot be converted to com.foodya.backend.application.model.UserAccountModel
[ERROR] /home/xuanhien/Documents/repo/foodya/backend/src/test/java/com/foodya/backend/interfaces/rest/OrderLifecycleIntegrationTests.java:[124,62] incompatible types: com.foodya.backend.infrastructure.persistence.entities.UserAccount cannot be converted to com.foodya.backend.application.model.UserAccountModel
[ERROR] /home/xuanhien/Documents/repo/foodya/backend/src/test/java/com/foodya/backend/interfaces/rest/OrderLifecycleIntegrationTests.java:[125,62] incompatible types: com.foodya.backend.infrastructure.persistence.entities.UserAccount cannot be converted to com.foodya.backend.application.model.UserAccountModel
[ERROR] /home/xuanhien/Documents/repo/foodya/backend/src/test/java/com/foodya/backend/interfaces/rest/OrderReviewIntegrationTests.java:[103,62] incompatible types: com.foodya.backend.infrastructure.persistence.entities.UserAccount cannot be converted to com.foodya.backend.application.model.UserAccountModel
[ERROR] /home/xuanhien/Documents/repo/foodya/backend/src/test/java/com/foodya/backend/interfaces/rest/OrderReviewIntegrationTests.java:[125,62] incompatible types: com.foodya.backend.infrastructure.persistence.entities.UserAccount cannot be converted to com.foodya.backend.application.model.UserAccountModel
[ERROR] /home/xuanhien/Documents/repo/foodya/backend/src/test/java/com/foodya/backend/interfaces/rest/OrderReviewIntegrationTests.java:[126,62] incompatible types: com.foodya.backend.infrastructure.persistence.entities.UserAccount cannot be converted to com.foodya.backend.application.model.UserAccountModel
[ERROR] /home/xuanhien/Documents/repo/foodya/backend/src/test/java/com/foodya/backend/interfaces/rest/OrderReviewIntegrationTests.java:[151,62] incompatible types: com.foodya.backend.infrastructure.persistence.entities.UserAccount cannot be converted to com.foodya.backend.application.model.UserAccountModel
[ERROR] /home/xuanhien/Documents/repo/foodya/backend/src/test/java/com/foodya/backend/interfaces/rest/RevenueReportingIntegrationTests.java:[111,59] incompatible types: com.foodya.backend.infrastructure.persistence.entities.UserAccount cannot be converted to com.foodya.backend.application.model.UserAccountModel
[ERROR] /home/xuanhien/Documents/repo/foodya/backend/src/test/java/com/foodya/backend/interfaces/rest/RevenueReportingIntegrationTests.java:[112,65] incompatible types: com.foodya.backend.infrastructure.persistence.entities.UserAccount cannot be converted to com.foodya.backend.application.model.UserAccountModel
[ERROR] /home/xuanhien/Documents/repo/foodya/backend/src/test/java/com/foodya/backend/interfaces/rest/RevenueReportingIntegrationTests.java:[134,54] incompatible types: com.foodya.backend.infrastructure.persistence.entities.UserAccount cannot be converted to com.foodya.backend.application.model.UserAccountModel
[INFO] 17 errors 
[INFO] -------------------------------------------------------------
[INFO] ------------------------------------------------------------------------
[INFO] BUILD FAILURE
[INFO] ------------------------------------------------------------------------
[INFO] Total time:  3.241 s
[INFO] Finished at: 2026-03-31T12:05:08+07:00
[INFO] ------------------------------------------------------------------------
[ERROR] Failed to execute goal org.apache.maven.plugins:maven-compiler-plugin:3.14.1:testCompile (default-testCompile) on project backend: Compilation failure: Compilation failure: 
[ERROR] /home/xuanhien/Documents/repo/foodya/backend/src/test/java/com/foodya/backend/interfaces/rest/AdminNotificationIntegrationTests.java:[77,62] incompatible types: com.foodya.backend.infrastructure.persistence.entities.UserAccount cannot be converted to com.foodya.backend.application.model.UserAccountModel
[ERROR] /home/xuanhien/Documents/repo/foodya/backend/src/test/java/com/foodya/backend/interfaces/rest/AdminNotificationIntegrationTests.java:[78,59] incompatible types: com.foodya.backend.infrastructure.persistence.entities.UserAccount cannot be converted to com.foodya.backend.application.model.UserAccountModel
[ERROR] /home/xuanhien/Documents/repo/foodya/backend/src/test/java/com/foodya/backend/interfaces/rest/CustomerAiChatIntegrationTests.java:[102,54] incompatible types: com.foodya.backend.infrastructure.persistence.entities.UserAccount cannot be converted to com.foodya.backend.application.model.UserAccountModel
[ERROR] /home/xuanhien/Documents/repo/foodya/backend/src/test/java/com/foodya/backend/interfaces/rest/CustomerAiChatIntegrationTests.java:[128,54] incompatible types: com.foodya.backend.infrastructure.persistence.entities.UserAccount cannot be converted to com.foodya.backend.application.model.UserAccountModel
[ERROR] /home/xuanhien/Documents/repo/foodya/backend/src/test/java/com/foodya/backend/interfaces/rest/CustomerCartIntegrationTests.java:[164,46] incompatible types: com.foodya.backend.infrastructure.persistence.entities.UserAccount cannot be converted to com.foodya.backend.application.model.UserAccountModel
[ERROR] /home/xuanhien/Documents/repo/foodya/backend/src/test/java/com/foodya/backend/interfaces/rest/CustomerOrderCheckoutIntegrationTests.java:[158,46] incompatible types: com.foodya.backend.infrastructure.persistence.entities.UserAccount cannot be converted to com.foodya.backend.application.model.UserAccountModel
[ERROR] /home/xuanhien/Documents/repo/foodya/backend/src/test/java/com/foodya/backend/interfaces/rest/MerchantCatalogIntegrationTests.java:[199,46] incompatible types: com.foodya.backend.infrastructure.persistence.entities.UserAccount cannot be converted to com.foodya.backend.application.model.UserAccountModel
[ERROR] /home/xuanhien/Documents/repo/foodya/backend/src/test/java/com/foodya/backend/interfaces/rest/OrderLifecycleIntegrationTests.java:[101,62] incompatible types: com.foodya.backend.infrastructure.persistence.entities.UserAccount cannot be converted to com.foodya.backend.application.model.UserAccountModel
[ERROR] /home/xuanhien/Documents/repo/foodya/backend/src/test/java/com/foodya/backend/interfaces/rest/OrderLifecycleIntegrationTests.java:[124,62] incompatible types: com.foodya.backend.infrastructure.persistence.entities.UserAccount cannot be converted to com.foodya.backend.application.model.UserAccountModel
[ERROR] /home/xuanhien/Documents/repo/foodya/backend/src/test/java/com/foodya/backend/interfaces/rest/OrderLifecycleIntegrationTests.java:[125,62] incompatible types: com.foodya.backend.infrastructure.persistence.entities.UserAccount cannot be converted to com.foodya.backend.application.model.UserAccountModel
[ERROR] /home/xuanhien/Documents/repo/foodya/backend/src/test/java/com/foodya/backend/interfaces/rest/OrderReviewIntegrationTests.java:[103,62] incompatible types: com.foodya.backend.infrastructure.persistence.entities.UserAccount cannot be converted to com.foodya.backend.application.model.UserAccountModel
[ERROR] /home/xuanhien/Documents/repo/foodya/backend/src/test/java/com/foodya/backend/interfaces/rest/OrderReviewIntegrationTests.java:[125,62] incompatible types: com.foodya.backend.infrastructure.persistence.entities.UserAccount cannot be converted to com.foodya.backend.application.model.UserAccountModel
[ERROR] /home/xuanhien/Documents/repo/foodya/backend/src/test/java/com/foodya/backend/interfaces/rest/OrderReviewIntegrationTests.java:[126,62] incompatible types: com.foodya.backend.infrastructure.persistence.entities.UserAccount cannot be converted to com.foodya.backend.application.model.UserAccountModel
[ERROR] /home/xuanhien/Documents/repo/foodya/backend/src/test/java/com/foodya/backend/interfaces/rest/OrderReviewIntegrationTests.java:[151,62] incompatible types: com.foodya.backend.infrastructure.persistence.entities.UserAccount cannot be converted to com.foodya.backend.application.model.UserAccountModel
[ERROR] /home/xuanhien/Documents/repo/foodya/backend/src/test/java/com/foodya/backend/interfaces/rest/RevenueReportingIntegrationTests.java:[111,59] incompatible types: com.foodya.backend.infrastructure.persistence.entities.UserAccount cannot be converted to com.foodya.backend.application.model.UserAccountModel
[ERROR] /home/xuanhien/Documents/repo/foodya/backend/src/test/java/com/foodya/backend/interfaces/rest/RevenueReportingIntegrationTests.java:[112,65] incompatible types: com.foodya.backend.infrastructure.persistence.entities.UserAccount cannot be converted to com.foodya.backend.application.model.UserAccountModel
[ERROR] /home/xuanhien/Documents/repo/foodya/backend/src/test/java/com/foodya/backend/interfaces/rest/RevenueReportingIntegrationTests.java:[134,54] incompatible types: com.foodya.backend.infrastructure.persistence.entities.UserAccount cannot be converted to com.foodya.backend.application.model.UserAccountModel
[ERROR] -> [Help 1]
[ERROR] 
[ERROR] To see the full stack trace of the errors, re-run Maven with the -e switch.
[ERROR] Re-run Maven using the -X switch to enable full debug logging.
[ERROR] 
[ERROR] For more information about the errors and possible solutions, please read the following articles:
[ERROR] [Help 1] http://cwiki.apache.org/confluence/display/MAVEN/MojoFailureException
